# JRE version: OpenJDK Runtime Environment (8.0_302-b08) (build 1.8.0_302-b08)
# Java VM: OpenJDK 64-Bit Server VM (25.302-b08 mixed mode windows-amd64 compressed oops)
Heap:
 PSYoungGen      total 140800K, used 88207K [0x000000076b600000, 0x000000077d600000, 0x00000007c0000000)
  eden space 130048K, 67% used [0x000000076b600000,0x0000000770c23d78,0x0000000773500000)
  from space 10752K, 0% used [0x0000000773500000,0x0000000773500000,0x0000000773f80000)
  to   space 55808K, 0% used [0x0000000779f80000,0x0000000779f80000,0x000000077d600000)
 ParOldGen       total 307712K, used 125246K [0x00000006c2200000, 0x00000006d4e80000, 0x000000076b600000)
  object space 307712K, 40% used [0x00000006c2200000,0x00000006c9c4f858,0x00000006d4e80000)
 Metaspace       used 25276K, capacity 26844K, committed 27136K, reserved 1073152K
  class space    used 3425K, capacity 3755K, committed 3840K, reserved 1048576K
GC Heap History (10 events):
Event: 2.673 GC heap before
{Heap before GC invocations=3 (full 0):
 PSYoungGen      total 75776K, used 65716K [0x000000076b600000, 0x0000000770a80000, 0x00000007c0000000)
  eden space 65024K, 85% used [0x000000076b600000,0x000000076ec36d08,0x000000076f580000)
  from space 10752K, 94% used [0x0000000770000000,0x00000007709f6328,0x0000000770a80000)
  to   space 10752K, 0% used [0x000000076f580000,0x000000076f580000,0x0000000770000000)
 ParOldGen       total 173568K, used 58556K [0x00000006c2200000, 0x00000006ccb80000, 0x000000076b600000)
  object space 173568K, 33% used [0x00000006c2200000,0x00000006c5b2f218,0x00000006ccb80000)
 Metaspace       used 20528K, capacity 21256K, committed 21296K, reserved 1067008K
  class space    used 2764K, capacity 2941K, committed 2944K, reserved 1048576K
Event: 2.686 GC heap after
Heap after GC invocations=3 (full 0):
 PSYoungGen      total 75776K, used 10302K [0x000000076b600000, 0x0000000774a00000, 0x00000007c0000000)
  eden space 65024K, 0% used [0x000000076b600000,0x000000076b600000,0x000000076f580000)
  from space 10752K, 95% used [0x000000076f580000,0x000000076ff8f900,0x0000000770000000)
  to   space 10752K, 0% used [0x0000000773f80000,0x0000000773f80000,0x0000000774a00000)
 ParOldGen       total 173568K, used 101027K [0x00000006c2200000, 0x00000006ccb80000, 0x000000076b600000)
  object space 173568K, 58% used [0x00000006c2200000,0x00000006c84a8fd8,0x00000006ccb80000)
 Metaspace       used 20528K, capacity 21256K, committed 21296K, reserved 1067008K
  class space    used 2764K, capacity 2941K, committed 2944K, reserved 1048576K
}
Event: 2.687 GC heap before
{Heap before GC invocations=4 (full 1):
 PSYoungGen      total 75776K, used 10302K [0x000000076b600000, 0x0000000774a00000, 0x00000007c0000000)
  eden space 65024K, 0% used [0x000000076b600000,0x000000076b600000,0x000000076f580000)
  from space 10752K, 95% used [0x000000076f580000,0x000000076ff8f900,0x0000000770000000)
  to   space 10752K, 0% used [0x0000000773f80000,0x0000000773f80000,0x0000000774a00000)
 ParOldGen       total 173568K, used 101027K [0x00000006c2200000, 0x00000006ccb80000, 0x000000076b600000)
  object space 173568K, 58% used [0x00000006c2200000,0x00000006c84a8fd8,0x00000006ccb80000)
 Metaspace       used 20528K, capacity 21256K, committed 21296K, reserved 1067008K
  class space    used 2764K, capacity 2941K, committed 2944K, reserved 1048576K
Event: 2.706 GC heap after
Heap after GC invocations=4 (full 1):
 PSYoungGen      total 75776K, used 0K [0x000000076b600000, 0x0000000774a00000, 0x00000007c0000000)
  eden space 65024K, 0% used [0x000000076b600000,0x000000076b600000,0x000000076f580000)
  from space 10752K, 0% used [0x000000076f580000,0x000000076f580000,0x0000000770000000)
  to   space 10752K, 0% used [0x0000000773f80000,0x0000000773f80000,0x0000000774a00000)
 ParOldGen       total 250880K, used 111088K [0x00000006c2200000, 0x00000006d1700000, 0x000000076b600000)
  object space 250880K, 44% used [0x00000006c2200000,0x00000006c8e7c3e8,0x00000006d1700000)
 Metaspace       used 20528K, capacity 21256K, committed 21296K, reserved 1067008K
  class space    used 2764K, capacity 2941K, committed 2944K, reserved 1048576K
}
Event: 3.658 GC heap before
{Heap before GC invocations=5 (full 1):
 PSYoungGen      total 75776K, used 62347K [0x000000076b600000, 0x0000000774a00000, 0x00000007c0000000)
  eden space 65024K, 95% used [0x000000076b600000,0x000000076f2e2e30,0x000000076f580000)
  from space 10752K, 0% used [0x000000076f580000,0x000000076f580000,0x0000000770000000)
  to   space 10752K, 0% used [0x0000000773f80000,0x0000000773f80000,0x0000000774a00000)
 ParOldGen       total 250880K, used 111088K [0x00000006c2200000, 0x00000006d1700000, 0x000000076b600000)
  object space 250880K, 44% used [0x00000006c2200000,0x00000006c8e7c3e8,0x00000006d1700000)
 Metaspace       used 24022K, capacity 25482K, committed 25728K, reserved 1071104K
  class space    used 3325K, capacity 3602K, committed 3712K, reserved 1048576K
Event: 3.666 GC heap after
Heap after GC invocations=5 (full 1):
 PSYoungGen      total 121856K, used 10741K [0x000000076b600000, 0x0000000774a00000, 0x00000007c0000000)
  eden space 111104K, 0% used [0x000000076b600000,0x000000076b600000,0x0000000772280000)
  from space 10752K, 99% used [0x0000000773f80000,0x00000007749fd5a8,0x0000000774a00000)
  to   space 10752K, 0% used [0x0000000773500000,0x0000000773500000,0x0000000773f80000)
 ParOldGen       total 250880K, used 114154K [0x00000006c2200000, 0x00000006d1700000, 0x000000076b600000)
  object space 250880K, 45% used [0x00000006c2200000,0x00000006c917a868,0x00000006d1700000)
 Metaspace       used 24022K, capacity 25482K, committed 25728K, reserved 1071104K
  class space    used 3325K, capacity 3602K, committed 3712K, reserved 1048576K
}
Event: 35.955 GC heap before
{Heap before GC invocations=6 (full 1):
 PSYoungGen      total 121856K, used 108642K [0x000000076b600000, 0x0000000774a00000, 0x00000007c0000000)
  eden space 111104K, 88% used [0x000000076b600000,0x000000077159b5f0,0x0000000772280000)
  from space 10752K, 99% used [0x0000000773f80000,0x00000007749fd5a8,0x0000000774a00000)
  to   space 10752K, 0% used [0x0000000773500000,0x0000000773500000,0x0000000773f80000)
 ParOldGen       total 250880K, used 114154K [0x00000006c2200000, 0x00000006d1700000, 0x000000076b600000)
  object space 250880K, 45% used [0x00000006c2200000,0x00000006c917a868,0x00000006d1700000)
 Metaspace       used 25230K, capacity 26820K, committed 27136K, reserved 1073152K
  class space    used 3420K, capacity 3751K, committed 3840K, reserved 1048576K
Event: 35.979 GC heap after
Heap after GC invocations=6 (full 1):
 PSYoungGen      total 140800K, used 10729K [0x000000076b600000, 0x000000077d600000, 0x00000007c0000000)
  eden space 130048K, 0% used [0x000000076b600000,0x000000076b600000,0x0000000773500000)
  from space 10752K, 99% used [0x0000000773500000,0x0000000773f7a6c0,0x0000000773f80000)
  to   space 55808K, 0% used [0x0000000779f80000,0x0000000779f80000,0x000000077d600000)
 ParOldGen       total 250880K, used 177340K [0x00000006c2200000, 0x00000006d1700000, 0x000000076b600000)
  object space 250880K, 70% used [0x00000006c2200000,0x00000006ccf2f1e0,0x00000006d1700000)
 Metaspace       used 25230K, capacity 26820K, committed 27136K, reserved 1073152K
  class space    used 3420K, capacity 3751K, committed 3840K, reserved 1048576K
}
Event: 35.979 GC heap before
{Heap before GC invocations=7 (full 2):
 PSYoungGen      total 140800K, used 10729K [0x000000076b600000, 0x000000077d600000, 0x00000007c0000000)
  eden space 130048K, 0% used [0x000000076b600000,0x000000076b600000,0x0000000773500000)
  from space 10752K, 99% used [0x0000000773500000,0x0000000773f7a6c0,0x0000000773f80000)
  to   space 55808K, 0% used [0x0000000779f80000,0x0000000779f80000,0x000000077d600000)
 ParOldGen       total 250880K, used 177340K [0x00000006c2200000, 0x00000006d1700000, 0x000000076b600000)
  object space 250880K, 70% used [0x00000006c2200000,0x00000006ccf2f1e0,0x00000006d1700000)
 Metaspace       used 25230K, capacity 26820K, committed 27136K, reserved 1073152K
  class space    used 3420K, capacity 3751K, committed 3840K, reserved 1048576K
Event: 36.018 GC heap after
Heap after GC invocations=7 (full 2):
 PSYoungGen      total 140800K, used 0K [0x000000076b600000, 0x000000077d600000, 0x00000007c0000000)
  eden space 130048K, 0% used [0x000000076b600000,0x000000076b600000,0x0000000773500000)
  from space 10752K, 0% used [0x0000000773500000,0x0000000773500000,0x0000000773f80000)
  to   space 55808K, 0% used [0x0000000779f80000,0x0000000779f80000,0x000000077d600000)
 ParOldGen       total 307712K, used 125246K [0x00000006c2200000, 0x00000006d4e80000, 0x000000076b600000)
  object space 307712K, 40% used [0x00000006c2200000,0x00000006c9c4f858,0x00000006d4e80000)
 Metaspace       used 25230K, capacity 26820K, committed 27136K, reserved 1073152K
  class space    used 3420K, capacity 3751K, committed 3840K, reserved 1048576K
}

